<?xml version="1.0" encoding="UTF-8"?>
<testng-results skipped="0" failed="0" ignored="0" total="1" passed="1">
  <reporter-output>
    <line>
      <![CDATA[Properties File Loaded]]>
    </line>
    <line>
      <![CDATA[Browser Loaded]]>
    </line>
    <line>
      <![CDATA[Browser Window Maximized]]>
    </line>
    <line>
      <![CDATA[Loaded Base URL]]>
    </line>
    <line>
      <![CDATA[Google Home Page Loaded]]>
    </line>
    <line>
      <![CDATA[Search Initiated]]>
    </line>
    <line>
      <![CDATA[Search Results Page loaded]]>
    </line>
    <line>
      <![CDATA[https://www.instawork.com/ Found in search results]]>
    </line>
    <line>
      <![CDATA[Instawork Page Loaded]]>
    </line>
    <line>
      <![CDATA[Properties File Loaded]]>
    </line>
  </reporter-output>
  <suite name="Suite" duration-ms="14491" started-at="2018-01-14T15:18:01Z" finished-at="2018-01-14T15:18:16Z">
    <groups>
    </groups>
    <test name="EdgeTest" duration-ms="14491" started-at="2018-01-14T15:18:01Z" finished-at="2018-01-14T15:18:16Z">
      <class name="testScripts.SearchInsta">
        <test-method status="PASS" signature="initiateBrowser(java.lang.String)[pri:0, instance:testScripts.SearchInsta@2bbf4b8b]" name="initiateBrowser" is-config="true" duration-ms="3387" started-at="2018-01-14T20:48:01Z" finished-at="2018-01-14T20:48:04Z">
          <params>
            <param index="0">
              <value>
                <![CDATA[edge]]>
              </value>
            </param>
          </params>
          <reporter-output>
            <line>
              <![CDATA[Properties File Loaded]]>
            </line>
            <line>
              <![CDATA[Browser Loaded]]>
            </line>
            <line>
              <![CDATA[Browser Window Maximized]]>
            </line>
            <line>
              <![CDATA[Loaded Base URL]]>
            </line>
          </reporter-output>
        </test-method> <!-- initiateBrowser -->
        <test-method status="PASS" signature="searchInsta()[pri:0, instance:testScripts.SearchInsta@2bbf4b8b]" name="searchInsta" duration-ms="8021" started-at="2018-01-14T20:48:04Z" finished-at="2018-01-14T20:48:13Z">
          <reporter-output>
            <line>
              <![CDATA[Google Home Page Loaded]]>
            </line>
            <line>
              <![CDATA[Search Initiated]]>
            </line>
            <line>
              <![CDATA[Search Results Page loaded]]>
            </line>
            <line>
              <![CDATA[https://www.instawork.com/ Found in search results]]>
            </line>
            <line>
              <![CDATA[Instawork Page Loaded]]>
            </line>
            <line>
              <![CDATA[Properties File Loaded]]>
            </line>
          </reporter-output>
        </test-method> <!-- searchInsta -->
        <test-method status="PASS" signature="terminateBrowser()[pri:0, instance:testScripts.SearchInsta@2bbf4b8b]" name="terminateBrowser" is-config="true" duration-ms="2928" started-at="2018-01-14T20:48:13Z" finished-at="2018-01-14T20:48:16Z">
          <reporter-output>
          </reporter-output>
        </test-method> <!-- terminateBrowser -->
      </class> <!-- testScripts.SearchInsta -->
    </test> <!-- EdgeTest -->
  </suite> <!-- Suite -->
</testng-results>
